2025-11-10 02:38:56, MOVE, v:1, k:poo@array, mode:DOWN
2025-11-10 02:39:02, MOVE, v:1, k:poo@array, mode:PICK
2025-11-10 02:39:03, EXEC, v:1, k:poo@array, mode:LOCK, rate:100, size:0
2025-11-10 02:45:08, MOVE, v:1, k:poo@lapiseira, mode:DOWN
2025-11-10 16:52:33, MOVE, v:1, k:poo@array, mode:PICK
2025-11-10 16:52:34, EXEC, v:1, k:poo@array, mode:LOCK, rate:100, size:14
2025-11-10 16:54:06, EXEC, v:1, k:poo@array, mode:LOCK, rate:0, size:16
2025-11-10 16:54:07, EXEC, v:1, k:poo@array, mode:LOCK, rate:0
2025-11-10 16:54:59, EXEC, v:1, k:poo@array, mode:LOCK, rate:0, size:18
2025-11-10 16:55:03, EXEC, v:1, k:poo@array, mode:LOCK, rate:0
2025-11-10 16:59:16, EXEC, v:1, k:poo@array, mode:LOCK, rate:0, size:20
2025-11-10 17:05:08, EXEC, v:1, k:poo@array, mode:LOCK, rate:0, size:21
2025-11-10 17:05:54, EXEC, v:1, k:poo@array, mode:LOCK, rate:0, size:22
2025-11-10 17:06:00, EXEC, v:1, k:poo@array, mode:LOCK, rate:0, size:22
2025-11-10 17:06:28, EXEC, v:1, k:poo@array, mode:LOCK, rate:0
2025-11-10 17:06:33, EXEC, v:1, k:poo@array, mode:LOCK, rate:0, size:22
2025-11-10 17:34:11, EXEC, v:1, k:poo@array, mode:LOCK, rate:0
2025-11-10 17:34:11, MOVE, v:1, k:poo@array, mode:BACK
2025-11-10 17:34:11, MOVE, v:1, k:poo@array, mode:PICK
2025-11-10 17:34:11, EXEC, v:1, k:poo@array, mode:LOCK, rate:0
2025-11-10 17:34:11, MOVE, v:1, k:poo@array, mode:BACK
2025-11-10 17:34:35, SELF, v:1, k:poo@array, alone:5
2025-11-10 17:34:37, MOVE, v:1, k:poo@array, mode:PICK
2025-11-10 17:34:38, EXEC, v:1, k:poo@array, mode:LOCK, rate:0
2025-11-10 17:34:39, EXEC, v:1, k:poo@array, mode:LOCK, rate:0
2025-11-10 17:35:51, EXEC, v:1, k:poo@array, mode:LOCK, rate:0, size:23
2025-11-10 17:35:51, EXEC, v:1, k:poo@array, mode:LOCK, rate:0, size:23
2025-11-10 17:35:52, EXEC, v:1, k:poo@array, mode:LOCK, rate:0, size:23
2025-11-10 17:35:52, EXEC, v:1, k:poo@array, mode:LOCK, rate:0, size:23
2025-11-10 17:35:52, EXEC, v:1, k:poo@array, mode:LOCK, rate:0, size:23
2025-11-10 17:35:52, EXEC, v:1, k:poo@array, mode:LOCK, rate:0, size:23
2025-11-10 17:35:53, EXEC, v:1, k:poo@array, mode:LOCK, rate:0, size:23
2025-11-10 17:35:53, EXEC, v:1, k:poo@array, mode:LOCK, rate:0
2025-11-10 17:36:07, EXEC, v:1, k:poo@array, mode:LOCK, rate:0
2025-11-10 17:36:07, EXEC, v:1, k:poo@array, mode:LOCK, rate:0, size:24
2025-11-10 17:36:07, EXEC, v:1, k:poo@array, mode:LOCK, rate:0, size:24
2025-11-10 17:36:34, EXEC, v:1, k:poo@array, mode:LOCK, rate:0, size:24
2025-11-10 17:36:34, EXEC, v:1, k:poo@array, mode:LOCK, rate:0, size:24
2025-11-10 17:36:34, EXEC, v:1, k:poo@array, mode:LOCK, rate:0, size:24
2025-11-10 17:36:39, EXEC, v:1, k:poo@array, mode:LOCK, rate:0, size:24
2025-11-10 17:36:40, EXEC, v:1, k:poo@array, mode:LOCK, rate:0
2025-11-10 17:36:51, EXEC, v:1, k:poo@array, mode:LOCK, rate:0
2025-11-10 17:36:52, EXEC, v:1, k:poo@array, mode:LOCK, rate:0, size:24
2025-11-10 17:37:01, MOVE, v:1, k:poo@array, mode:BACK
2025-11-10 17:37:11, MOVE, v:1, k:poo@array, mode:PICK
2025-11-10 17:37:12, EXEC, v:1, k:poo@array, mode:LOCK, rate:0
2025-11-10 17:37:14, MOVE, v:1, k:poo@array, mode:BACK
2025-11-10 17:37:52, SELF, v:1, k:poo@array, rate:100, human:amiga, alone:9, study:30
2025-11-10 17:39:17, MOVE, v:1, k:poo@array, mode:PICK
2025-11-10 17:39:18, EXEC, v:1, k:poo@array, mode:LOCK, rate:0, size:26
2025-11-10 17:39:19, EXEC, v:1, k:poo@array, mode:LOCK, rate:0
2025-11-10 17:39:29, EXEC, v:1, k:poo@array, mode:LOCK, rate:0, size:26
2025-11-10 17:39:30, EXEC, v:1, k:poo@array, mode:LOCK, rate:0, size:26
2025-11-10 17:40:14, EXEC, v:1, k:poo@array, mode:LOCK, rate:0, size:27
2025-11-10 17:40:15, EXEC, v:1, k:poo@array, mode:LOCK, rate:0, size:27
2025-11-10 17:40:15, EXEC, v:1, k:poo@array, mode:LOCK, rate:0, size:27
2025-11-10 17:40:15, EXEC, v:1, k:poo@array, mode:LOCK, rate:0, size:27
2025-11-10 17:40:15, EXEC, v:1, k:poo@array, mode:LOCK, rate:0, size:27
2025-11-10 17:40:16, EXEC, v:1, k:poo@array, mode:LOCK, rate:0, size:27
2025-11-10 17:40:26, EXEC, v:1, k:poo@array, mode:LOCK, rate:0
2025-11-10 17:40:26, EXEC, v:1, k:poo@array, mode:LOCK, rate:0, size:27
2025-11-10 17:40:27, EXEC, v:1, k:poo@array, mode:LOCK, rate:0
2025-11-10 17:40:27, EXEC, v:1, k:poo@array, mode:LOCK, rate:0
2025-11-10 17:40:27, EXEC, v:1, k:poo@array, mode:LOCK, rate:0
2025-11-10 17:40:28, EXEC, v:1, k:poo@array, mode:LOCK, rate:0
2025-11-10 17:40:28, EXEC, v:1, k:poo@array, mode:LOCK, rate:0
2025-11-10 17:40:28, EXEC, v:1, k:poo@array, mode:LOCK, rate:0
2025-11-10 17:40:28, EXEC, v:1, k:poo@array, mode:LOCK, rate:0
2025-11-10 17:40:29, EXEC, v:1, k:poo@array, mode:LOCK, rate:0
2025-11-10 17:40:30, EXEC, v:1, k:poo@array, mode:LOCK, rate:0
2025-11-10 17:40:30, EXEC, v:1, k:poo@array, mode:LOCK, rate:0
2025-11-10 17:40:30, EXEC, v:1, k:poo@array, mode:LOCK, rate:0
2025-11-10 17:40:30, EXEC, v:1, k:poo@array, mode:LOCK, rate:0
2025-11-10 17:40:30, EXEC, v:1, k:poo@array, mode:LOCK, rate:0
2025-11-10 17:40:30, EXEC, v:1, k:poo@array, mode:LOCK, rate:0
2025-11-10 17:40:30, EXEC, v:1, k:poo@array, mode:LOCK, rate:0
2025-11-10 17:40:30, EXEC, v:1, k:poo@array, mode:LOCK, rate:0
2025-11-10 17:41:52, EXEC, v:1, k:poo@array, mode:LOCK, rate:0, size:28
2025-11-10 17:41:53, EXEC, v:1, k:poo@array, mode:LOCK, rate:0
2025-11-10 17:41:53, EXEC, v:1, k:poo@array, mode:LOCK, rate:0
2025-11-10 17:41:54, EXEC, v:1, k:poo@array, mode:LOCK, rate:0
2025-11-10 17:41:54, EXEC, v:1, k:poo@array, mode:LOCK, rate:0
2025-11-10 17:41:54, EXEC, v:1, k:poo@array, mode:LOCK, rate:0
2025-11-10 17:41:55, EXEC, v:1, k:poo@array, mode:LOCK, rate:0
2025-11-10 17:41:55, EXEC, v:1, k:poo@array, mode:LOCK, rate:0
2025-11-10 17:41:55, EXEC, v:1, k:poo@array, mode:LOCK, rate:0
2025-11-10 17:41:55, EXEC, v:1, k:poo@array, mode:LOCK, rate:0
2025-11-10 17:41:55, EXEC, v:1, k:poo@array, mode:LOCK, rate:0
2025-11-10 17:41:55, EXEC, v:1, k:poo@array, mode:LOCK, rate:0
2025-11-10 17:41:56, EXEC, v:1, k:poo@array, mode:LOCK, rate:0
2025-11-10 17:41:56, EXEC, v:1, k:poo@array, mode:LOCK, rate:0
2025-11-10 17:41:56, EXEC, v:1, k:poo@array, mode:LOCK, rate:0
2025-11-10 17:42:12, EXEC, v:1, k:poo@array, mode:LOCK, rate:0, size:28
2025-11-10 17:42:13, EXEC, v:1, k:poo@array, mode:LOCK, rate:0
2025-11-10 17:42:13, EXEC, v:1, k:poo@array, mode:LOCK, rate:0
2025-11-10 17:42:13, EXEC, v:1, k:poo@array, mode:LOCK, rate:0
2025-11-10 17:42:13, EXEC, v:1, k:poo@array, mode:LOCK, rate:0
2025-11-10 17:42:13, EXEC, v:1, k:poo@array, mode:LOCK, rate:0
2025-11-10 17:42:44, EXEC, v:1, k:poo@array, mode:LOCK, rate:0, size:28
2025-11-10 17:42:44, EXEC, v:1, k:poo@array, mode:LOCK, rate:0, size:28
2025-11-10 17:42:56, EXEC, v:1, k:poo@array, mode:LOCK, rate:0, size:28
2025-11-10 17:42:57, EXEC, v:1, k:poo@array, mode:LOCK, rate:0
2025-11-10 17:42:58, EXEC, v:1, k:poo@array, mode:LOCK, rate:0
2025-11-10 17:42:58, EXEC, v:1, k:poo@array, mode:LOCK, rate:0
2025-11-10 17:43:05, EXEC, v:1, k:poo@array, mode:LOCK, rate:0
2025-11-10 17:43:06, EXEC, v:1, k:poo@array, mode:LOCK, rate:0
2025-11-10 17:43:06, EXEC, v:1, k:poo@array, mode:LOCK, rate:0, size:28
2025-11-10 17:43:06, EXEC, v:1, k:poo@array, mode:LOCK, rate:0, size:28
2025-11-10 17:43:43, EXEC, v:1, k:poo@array, mode:LOCK, rate:0, size:28
2025-11-10 17:43:43, EXEC, v:1, k:poo@array, mode:LOCK, rate:0, size:28
2025-11-10 17:43:44, EXEC, v:1, k:poo@array, mode:LOCK, rate:0, size:28
2025-11-10 17:43:44, EXEC, v:1, k:poo@array, mode:LOCK, rate:0, size:28
2025-11-10 17:43:45, EXEC, v:1, k:poo@array, mode:LOCK, rate:0, size:28
